{"/Users/semjon/repos/privat/meal-mind/apps/web/next.config.ts": {"path":"/Users/semjon/repos/privat/meal-mind/apps/web/next.config.ts","statementMap":{"0":{"start":{"line":3,"column":31},"end":{"line":10,"column":null}}},"fnMap":{},"branchMap":{},"s":{"0":0},"f":{},"b":{}}
,"/Users/semjon/repos/privat/meal-mind/apps/web/app/layout.tsx": {"path":"/Users/semjon/repos/privat/meal-mind/apps/web/app/layout.tsx","statementMap":{"0":{"start":{"line":5,"column":14},"end":{"line":5,"column":null}},"1":{"start":{"line":7,"column":34},"end":{"line":10,"column":null}},"2":{"start":{"line":17,"column":2},"end":{"line":20,"column":null}}},"fnMap":{"0":{"name":"RootLayout","decl":{"start":{"line":12,"column":24},"end":{"line":12,"column":35}},"loc":{"start":{"line":16,"column":3},"end":{"line":22,"column":null}}}},"branchMap":{},"s":{"0":0,"1":0,"2":0},"f":{"0":0},"b":{}}
,"/Users/semjon/repos/privat/meal-mind/apps/web/app/page.tsx": {"path":"/Users/semjon/repos/privat/meal-mind/apps/web/app/page.tsx","statementMap":{"0":{"start":{"line":4,"column":2},"end":{"line":8,"column":null}}},"fnMap":{"0":{"name":"Page","decl":{"start":{"line":3,"column":24},"end":{"line":3,"column":31}},"loc":{"start":{"line":3,"column":31},"end":{"line":10,"column":null}}}},"branchMap":{},"s":{"0":0},"f":{"0":0},"b":{}}
}
